<?xml version="1.0" encoding="UTF-8"?>
<!-- Generated by org.testng.reporters.JUnitReportReporter -->
<testsuite hostname="MAVCHN0522086" failures="0" tests="8" name="Java_tests.Stage1Tests" time="0.035" errors="0" timestamp="2023-09-05T10:47:04 IST" skipped="0">
  <testcase classname="Java_tests.Stage1Tests" name="verifyAccountDataTypeError" time="0.015"/>
  <system-out/>
  <testcase classname="Java_tests.Stage1Tests" name="verifyNoNullFields" time="0.001"/>
  <system-out/>
  <testcase classname="Java_tests.Stage1Tests" name="verifyDOBDataTypeError" time="0.003"/>
  <system-out/>
  <testcase classname="Java_tests.Stage1Tests" name="verifyMissingRecords" time="0.005"/>
  <system-out/>
  <testcase classname="Java_tests.Stage1Tests" name="verifyNoDuplicateHeaderFields" time="0.002"/>
  <system-out/>
  <testcase classname="Java_tests.Stage1Tests" name="verifyNoDuplicateData" time="0.004"/>
  <system-out/>
  <testcase classname="Java_tests.Stage1Tests" name="verifyUniqueCSVFileInFolder" time="0.003"/>
  <system-out/>
  <testcase classname="Java_tests.Stage1Tests" name="verifyPanNoDataTypeError" time="0.002"/>
  <system-out/>
</testsuite> <!-- Java_tests.Stage1Tests -->
